2023-04-11 15:05:27,535:WARNING:
'cuml' is a soft dependency and not included in the pycaret installation. Please run: `pip install cuml` to install.
2023-04-11 15:05:27,535:WARNING:
'cuml' is a soft dependency and not included in the pycaret installation. Please run: `pip install cuml` to install.
2023-04-11 15:05:27,535:WARNING:
'cuml' is a soft dependency and not included in the pycaret installation. Please run: `pip install cuml` to install.
2023-04-11 15:05:27,535:WARNING:
'cuml' is a soft dependency and not included in the pycaret installation. Please run: `pip install cuml` to install.
2023-04-11 15:05:32,359:WARNING:
'prophet' is a soft dependency and not included in the pycaret installation. Please run: `pip install prophet` to install.
2023-04-11 15:05:37,587:INFO:PyCaret RegressionExperiment
2023-04-11 15:05:37,595:INFO:Logging name: reg-default-name
2023-04-11 15:05:37,595:INFO:ML Usecase: MLUsecase.REGRESSION
2023-04-11 15:05:37,595:INFO:version 3.0.0
2023-04-11 15:05:37,595:INFO:Initializing setup()
2023-04-11 15:05:37,595:INFO:self.USI: 6d65
2023-04-11 15:05:37,595:INFO:self._variable_keys: {'data', 'y', 'fold_shuffle_param', 'target_param', 'gpu_param', '_available_plots', 'y_train', 'seed', 'X_train', 'transform_target_param', 'gpu_n_jobs_param', 'fold_generator', 'n_jobs_param', 'exp_id', 'logging_param', 'idx', 'memory', 'X_test', 'USI', 'y_test', 'log_plots_param', 'fold_groups_param', 'html_param', 'exp_name_log', '_ml_usecase', 'X', 'pipeline'}
2023-04-11 15:05:37,596:INFO:Checking environment
2023-04-11 15:05:37,596:INFO:python_version: 3.9.13
2023-04-11 15:05:37,596:INFO:python_build: ('main', 'Aug 25 2022 23:51:50')
2023-04-11 15:05:37,596:INFO:machine: AMD64
2023-04-11 15:05:37,596:INFO:platform: Windows-10-10.0.19041-SP0
2023-04-11 15:05:37,597:INFO:Memory: svmem(total=8355045376, available=1222148096, percent=85.4, used=7132897280, free=1222148096)
2023-04-11 15:05:37,597:INFO:Physical Core: 4
2023-04-11 15:05:37,597:INFO:Logical Core: 8
2023-04-11 15:05:37,597:INFO:Checking libraries
2023-04-11 15:05:37,597:INFO:System:
2023-04-11 15:05:37,597:INFO:    python: 3.9.13 (main, Aug 25 2022, 23:51:50) [MSC v.1916 64 bit (AMD64)]
2023-04-11 15:05:37,597:INFO:executable: c:\Users\Personal\anaconda3\python.exe
2023-04-11 15:05:37,597:INFO:   machine: Windows-10-10.0.19041-SP0
2023-04-11 15:05:37,597:INFO:PyCaret required dependencies:
2023-04-11 15:05:37,598:INFO:                 pip: 22.2.2
2023-04-11 15:05:37,598:INFO:          setuptools: 63.4.1
2023-04-11 15:05:37,599:INFO:             pycaret: 3.0.0
2023-04-11 15:05:37,599:INFO:             IPython: 7.31.1
2023-04-11 15:05:37,599:INFO:          ipywidgets: 7.6.5
2023-04-11 15:05:37,600:INFO:                tqdm: 4.64.1
2023-04-11 15:05:37,600:INFO:               numpy: 1.21.5
2023-04-11 15:05:37,600:INFO:              pandas: 1.4.4
2023-04-11 15:05:37,600:INFO:              jinja2: 2.11.3
2023-04-11 15:05:37,600:INFO:               scipy: 1.9.1
2023-04-11 15:05:37,602:INFO:              joblib: 1.2.0
2023-04-11 15:05:37,602:INFO:             sklearn: 1.0.2
2023-04-11 15:05:37,602:INFO:                pyod: 1.0.9
2023-04-11 15:05:37,602:INFO:            imblearn: 0.10.1
2023-04-11 15:05:37,602:INFO:   category_encoders: 2.6.0
2023-04-11 15:05:37,602:INFO:            lightgbm: 3.3.5
2023-04-11 15:05:37,602:INFO:               numba: 0.55.1
2023-04-11 15:05:37,603:INFO:            requests: 2.28.1
2023-04-11 15:05:37,603:INFO:          matplotlib: 3.5.2
2023-04-11 15:05:37,603:INFO:          scikitplot: 0.3.7
2023-04-11 15:05:37,603:INFO:         yellowbrick: 1.5
2023-04-11 15:05:37,603:INFO:              plotly: 5.9.0
2023-04-11 15:05:37,603:INFO:             kaleido: 0.2.1
2023-04-11 15:05:37,603:INFO:         statsmodels: 0.13.2
2023-04-11 15:05:37,603:INFO:              sktime: 0.17.1
2023-04-11 15:05:37,603:INFO:               tbats: 1.1.2
2023-04-11 15:05:37,603:INFO:            pmdarima: 2.0.3
2023-04-11 15:05:37,604:INFO:              psutil: 5.9.0
2023-04-11 15:05:37,604:INFO:PyCaret optional dependencies:
2023-04-11 15:05:37,648:INFO:                shap: Not installed
2023-04-11 15:05:37,649:INFO:           interpret: Not installed
2023-04-11 15:05:37,649:INFO:                umap: Not installed
2023-04-11 15:05:37,649:INFO:    pandas_profiling: Not installed
2023-04-11 15:05:37,649:INFO:  explainerdashboard: Not installed
2023-04-11 15:05:37,649:INFO:             autoviz: Not installed
2023-04-11 15:05:37,649:INFO:           fairlearn: Not installed
2023-04-11 15:05:37,649:INFO:             xgboost: Not installed
2023-04-11 15:05:37,650:INFO:            catboost: Not installed
2023-04-11 15:05:37,650:INFO:              kmodes: Not installed
2023-04-11 15:05:37,650:INFO:             mlxtend: Not installed
2023-04-11 15:05:37,650:INFO:       statsforecast: Not installed
2023-04-11 15:05:37,651:INFO:        tune_sklearn: Not installed
2023-04-11 15:05:37,651:INFO:                 ray: Not installed
2023-04-11 15:05:37,651:INFO:            hyperopt: Not installed
2023-04-11 15:05:37,651:INFO:              optuna: Not installed
2023-04-11 15:05:37,651:INFO:               skopt: Not installed
2023-04-11 15:05:37,651:INFO:              mlflow: Not installed
2023-04-11 15:05:37,651:INFO:              gradio: Not installed
2023-04-11 15:05:37,651:INFO:             fastapi: Not installed
2023-04-11 15:05:37,651:INFO:             uvicorn: Not installed
2023-04-11 15:05:37,651:INFO:              m2cgen: Not installed
2023-04-11 15:05:37,651:INFO:           evidently: Not installed
2023-04-11 15:05:37,651:INFO:               fugue: Not installed
2023-04-11 15:05:37,651:INFO:           streamlit: Not installed
2023-04-11 15:05:37,651:INFO:             prophet: Not installed
2023-04-11 15:05:37,651:INFO:None
2023-04-11 15:05:37,651:INFO:Set up data.
2023-04-11 15:05:37,667:INFO:Set up train/test split.
2023-04-11 15:05:37,675:INFO:Set up index.
2023-04-11 15:05:37,675:INFO:Set up folding strategy.
2023-04-11 15:05:37,675:INFO:Assigning column types.
2023-04-11 15:05:37,685:INFO:Engine successfully changes for model 'lr' to 'sklearn'.
2023-04-11 15:05:37,686:INFO:Engine for model 'lasso' has not been set explicitly, hence returning None.
2023-04-11 15:05:37,694:INFO:Engine for model 'ridge' has not been set explicitly, hence returning None.
2023-04-11 15:05:37,702:INFO:Engine for model 'en' has not been set explicitly, hence returning None.
2023-04-11 15:05:37,769:INFO:Engine for model 'svm' has not been set explicitly, hence returning None.
2023-04-11 15:05:37,871:INFO:Engine for model 'knn' has not been set explicitly, hence returning None.
2023-04-11 15:05:37,872:WARNING:
'xgboost' is a soft dependency and not included in the pycaret installation. Please run: `pip install xgboost` to install.
Alternately, you can install this by running `pip install pycaret[models]`
2023-04-11 15:05:37,969:WARNING:
'catboost' is a soft dependency and not included in the pycaret installation. Please run: `pip install catboost` to install.
Alternately, you can install this by running `pip install pycaret[models]`
2023-04-11 15:05:37,969:INFO:Engine for model 'lasso' has not been set explicitly, hence returning None.
2023-04-11 15:05:37,999:INFO:Engine for model 'ridge' has not been set explicitly, hence returning None.
2023-04-11 15:05:38,003:INFO:Engine for model 'en' has not been set explicitly, hence returning None.
2023-04-11 15:05:38,089:INFO:Engine for model 'svm' has not been set explicitly, hence returning None.
2023-04-11 15:05:38,151:INFO:Engine for model 'knn' has not been set explicitly, hence returning None.
2023-04-11 15:05:38,151:WARNING:
'xgboost' is a soft dependency and not included in the pycaret installation. Please run: `pip install xgboost` to install.
Alternately, you can install this by running `pip install pycaret[models]`
2023-04-11 15:05:38,151:WARNING:
'catboost' is a soft dependency and not included in the pycaret installation. Please run: `pip install catboost` to install.
Alternately, you can install this by running `pip install pycaret[models]`
2023-04-11 15:05:38,151:INFO:Engine successfully changes for model 'lasso' to 'sklearn'.
2023-04-11 15:05:38,159:INFO:Engine for model 'ridge' has not been set explicitly, hence returning None.
2023-04-11 15:05:38,161:INFO:Engine for model 'en' has not been set explicitly, hence returning None.
2023-04-11 15:05:38,234:INFO:Engine for model 'svm' has not been set explicitly, hence returning None.
2023-04-11 15:05:38,285:INFO:Engine for model 'knn' has not been set explicitly, hence returning None.
2023-04-11 15:05:38,289:WARNING:
'xgboost' is a soft dependency and not included in the pycaret installation. Please run: `pip install xgboost` to install.
Alternately, you can install this by running `pip install pycaret[models]`
2023-04-11 15:05:38,289:WARNING:
'catboost' is a soft dependency and not included in the pycaret installation. Please run: `pip install catboost` to install.
Alternately, you can install this by running `pip install pycaret[models]`
2023-04-11 15:05:38,294:INFO:Engine for model 'ridge' has not been set explicitly, hence returning None.
2023-04-11 15:05:38,300:INFO:Engine for model 'en' has not been set explicitly, hence returning None.
2023-04-11 15:05:38,370:INFO:Engine for model 'svm' has not been set explicitly, hence returning None.
2023-04-11 15:05:38,419:INFO:Engine for model 'knn' has not been set explicitly, hence returning None.
2023-04-11 15:05:38,419:WARNING:
'xgboost' is a soft dependency and not included in the pycaret installation. Please run: `pip install xgboost` to install.
Alternately, you can install this by running `pip install pycaret[models]`
2023-04-11 15:05:38,419:WARNING:
'catboost' is a soft dependency and not included in the pycaret installation. Please run: `pip install catboost` to install.
Alternately, you can install this by running `pip install pycaret[models]`
2023-04-11 15:05:38,419:INFO:Engine successfully changes for model 'ridge' to 'sklearn'.
2023-04-11 15:05:38,437:INFO:Engine for model 'en' has not been set explicitly, hence returning None.
2023-04-11 15:05:38,501:INFO:Engine for model 'svm' has not been set explicitly, hence returning None.
2023-04-11 15:05:38,567:INFO:Engine for model 'knn' has not been set explicitly, hence returning None.
2023-04-11 15:05:38,568:WARNING:
'xgboost' is a soft dependency and not included in the pycaret installation. Please run: `pip install xgboost` to install.
Alternately, you can install this by running `pip install pycaret[models]`
2023-04-11 15:05:38,568:WARNING:
'catboost' is a soft dependency and not included in the pycaret installation. Please run: `pip install catboost` to install.
Alternately, you can install this by running `pip install pycaret[models]`
2023-04-11 15:05:38,573:INFO:Engine for model 'en' has not been set explicitly, hence returning None.
2023-04-11 15:05:38,684:INFO:Engine for model 'svm' has not been set explicitly, hence returning None.
2023-04-11 15:05:38,735:INFO:Engine for model 'knn' has not been set explicitly, hence returning None.
2023-04-11 15:05:38,735:WARNING:
'xgboost' is a soft dependency and not included in the pycaret installation. Please run: `pip install xgboost` to install.
Alternately, you can install this by running `pip install pycaret[models]`
2023-04-11 15:05:38,735:WARNING:
'catboost' is a soft dependency and not included in the pycaret installation. Please run: `pip install catboost` to install.
Alternately, you can install this by running `pip install pycaret[models]`
2023-04-11 15:05:38,735:INFO:Engine successfully changes for model 'en' to 'sklearn'.
2023-04-11 15:05:38,867:INFO:Engine for model 'svm' has not been set explicitly, hence returning None.
2023-04-11 15:05:38,921:INFO:Engine for model 'knn' has not been set explicitly, hence returning None.
2023-04-11 15:05:38,921:WARNING:
'xgboost' is a soft dependency and not included in the pycaret installation. Please run: `pip install xgboost` to install.
Alternately, you can install this by running `pip install pycaret[models]`
2023-04-11 15:05:38,921:WARNING:
'catboost' is a soft dependency and not included in the pycaret installation. Please run: `pip install catboost` to install.
Alternately, you can install this by running `pip install pycaret[models]`
2023-04-11 15:05:39,000:INFO:Engine for model 'svm' has not been set explicitly, hence returning None.
2023-04-11 15:05:39,053:INFO:Engine for model 'knn' has not been set explicitly, hence returning None.
2023-04-11 15:05:39,053:WARNING:
'xgboost' is a soft dependency and not included in the pycaret installation. Please run: `pip install xgboost` to install.
Alternately, you can install this by running `pip install pycaret[models]`
2023-04-11 15:05:39,053:WARNING:
'catboost' is a soft dependency and not included in the pycaret installation. Please run: `pip install catboost` to install.
Alternately, you can install this by running `pip install pycaret[models]`
2023-04-11 15:05:39,054:INFO:Engine successfully changes for model 'knn' to 'sklearn'.
2023-04-11 15:05:39,126:INFO:Engine for model 'svm' has not been set explicitly, hence returning None.
2023-04-11 15:05:39,174:WARNING:
'xgboost' is a soft dependency and not included in the pycaret installation. Please run: `pip install xgboost` to install.
Alternately, you can install this by running `pip install pycaret[models]`
2023-04-11 15:05:39,174:WARNING:
'catboost' is a soft dependency and not included in the pycaret installation. Please run: `pip install catboost` to install.
Alternately, you can install this by running `pip install pycaret[models]`
2023-04-11 15:05:39,258:INFO:Engine for model 'svm' has not been set explicitly, hence returning None.
2023-04-11 15:05:39,301:WARNING:
'xgboost' is a soft dependency and not included in the pycaret installation. Please run: `pip install xgboost` to install.
Alternately, you can install this by running `pip install pycaret[models]`
2023-04-11 15:05:39,301:WARNING:
'catboost' is a soft dependency and not included in the pycaret installation. Please run: `pip install catboost` to install.
Alternately, you can install this by running `pip install pycaret[models]`
2023-04-11 15:05:39,301:INFO:Engine successfully changes for model 'svm' to 'sklearn'.
2023-04-11 15:05:39,434:WARNING:
'xgboost' is a soft dependency and not included in the pycaret installation. Please run: `pip install xgboost` to install.
Alternately, you can install this by running `pip install pycaret[models]`
2023-04-11 15:05:39,434:WARNING:
'catboost' is a soft dependency and not included in the pycaret installation. Please run: `pip install catboost` to install.
Alternately, you can install this by running `pip install pycaret[models]`
2023-04-11 15:05:39,560:WARNING:
'xgboost' is a soft dependency and not included in the pycaret installation. Please run: `pip install xgboost` to install.
Alternately, you can install this by running `pip install pycaret[models]`
2023-04-11 15:05:39,560:WARNING:
'catboost' is a soft dependency and not included in the pycaret installation. Please run: `pip install catboost` to install.
Alternately, you can install this by running `pip install pycaret[models]`
2023-04-11 15:05:39,570:INFO:Preparing preprocessing pipeline...
2023-04-11 15:05:39,570:INFO:Set up simple imputation.
2023-04-11 15:05:39,570:INFO:Set up encoding of ordinal features.
2023-04-11 15:05:39,570:INFO:Set up encoding of categorical features.
2023-04-11 15:05:39,674:INFO:Finished creating preprocessing pipeline.
2023-04-11 15:05:39,749:INFO:Pipeline: Pipeline(memory=FastMemory(location=C:\Users\Personal\AppData\Local\Temp\joblib),
         steps=[('numerical_imputer',
                 TransformerWrapper(include=['age', 'bmi', 'children'],
                                    transformer=SimpleImputer())),
                ('categorical_imputer',
                 TransformerWrapper(include=['sex', 'smoker', 'region'],
                                    transformer=SimpleImputer(strategy='most_frequent'))),
                ('ordinal_encoding',
                 Transform...
                                                                     'smoker'],
                                                               handle_missing='return_nan',
                                                               mapping=[{'col': 'sex',
                                                                         'data_type': dtype('O'),
                                                                         'mapping': female    0
male      1
NaN      -1
dtype: int64},
                                                                        {'col': 'smoker',
                                                                         'data_type': dtype('O'),
                                                                         'mapping': no     0
yes    1
NaN   -1
dtype: int64}]))),
                ('onehot_encoding',
                 TransformerWrapper(include=['region'],
                                    transformer=OneHotEncoder(cols=['region'],
                                                              handle_missing='return_nan',
                                                              use_cat_names=True)))])
2023-04-11 15:05:39,749:INFO:Creating final display dataframe.
2023-04-11 15:05:39,991:INFO:Setup _display_container:                     Description             Value
0                    Session id               123
1                        Target           charges
2                   Target type        Regression
3           Original data shape         (1338, 7)
4        Transformed data shape        (1338, 10)
5   Transformed train set shape         (936, 10)
6    Transformed test set shape         (402, 10)
7              Ordinal features                 2
8              Numeric features                 3
9          Categorical features                 3
10                   Preprocess              True
11              Imputation type            simple
12           Numeric imputation              mean
13       Categorical imputation              mode
14     Maximum one-hot encoding                25
15              Encoding method              None
16               Fold Generator             KFold
17                  Fold Number                10
18                     CPU Jobs                -1
19                      Use GPU             False
20               Log Experiment             False
21              Experiment Name  reg-default-name
22                          USI              6d65
2023-04-11 15:05:40,159:WARNING:
'xgboost' is a soft dependency and not included in the pycaret installation. Please run: `pip install xgboost` to install.
Alternately, you can install this by running `pip install pycaret[models]`
2023-04-11 15:05:40,159:WARNING:
'catboost' is a soft dependency and not included in the pycaret installation. Please run: `pip install catboost` to install.
Alternately, you can install this by running `pip install pycaret[models]`
2023-04-11 15:05:40,289:WARNING:
'xgboost' is a soft dependency and not included in the pycaret installation. Please run: `pip install xgboost` to install.
Alternately, you can install this by running `pip install pycaret[models]`
2023-04-11 15:05:40,289:WARNING:
'catboost' is a soft dependency and not included in the pycaret installation. Please run: `pip install catboost` to install.
Alternately, you can install this by running `pip install pycaret[models]`
2023-04-11 15:05:40,292:INFO:setup() successfully completed in 2.7s...............
2023-04-11 15:05:41,429:INFO:Initializing create_model()
2023-04-11 15:05:41,429:INFO:create_model(self=<pycaret.regression.oop.RegressionExperiment object at 0x000001BD0E6039A0>, estimator=lr, fold=None, round=4, cross_validation=True, predict=True, fit_kwargs=None, groups=None, refit=True, probability_threshold=None, experiment_custom_tags=None, verbose=True, system=True, add_to_model_list=True, metrics=None, display=None, model_only=True, return_train_score=False, kwargs={})
2023-04-11 15:05:41,429:INFO:Checking exceptions
2023-04-11 15:05:41,503:INFO:Importing libraries
2023-04-11 15:05:41,503:INFO:Copying training dataset
2023-04-11 15:05:41,522:INFO:Defining folds
2023-04-11 15:05:41,522:INFO:Declaring metric variables
2023-04-11 15:05:41,533:INFO:Importing untrained model
2023-04-11 15:05:41,540:INFO:Linear Regression Imported successfully
2023-04-11 15:05:41,560:INFO:Starting cross validation
2023-04-11 15:05:41,589:INFO:Cross validating with KFold(n_splits=10, random_state=None, shuffle=False), n_jobs=-1
2023-04-11 15:05:49,699:INFO:Calculating mean and std
2023-04-11 15:05:49,699:INFO:Creating metrics dataframe
2023-04-11 15:05:49,709:INFO:Finalizing model
2023-04-11 15:05:49,889:INFO:Uploading results into container
2023-04-11 15:05:49,890:INFO:Uploading model into container now
2023-04-11 15:05:49,899:INFO:_master_model_container: 1
2023-04-11 15:05:49,899:INFO:_display_container: 2
2023-04-11 15:05:49,907:INFO:LinearRegression(n_jobs=-1)
2023-04-11 15:05:49,907:INFO:create_model() successfully completed......................................
2023-04-11 15:05:56,239:INFO:Initializing plot_model()
2023-04-11 15:05:56,245:INFO:plot_model(plot=residuals, fold=None, use_train_data=False, verbose=True, display=None, display_format=None, estimator=LinearRegression(n_jobs=-1), feature_name=None, fit_kwargs=None, groups=None, label=False, plot_kwargs=None, save=False, scale=1, self=<pycaret.regression.oop.RegressionExperiment object at 0x000001BD0E6039A0>, system=True)
2023-04-11 15:05:56,245:INFO:Checking exceptions
2023-04-11 15:05:56,250:INFO:Preloading libraries
2023-04-11 15:05:56,250:INFO:Copying training dataset
2023-04-11 15:05:56,250:INFO:Plot type: residuals
2023-04-11 15:05:56,739:INFO:Fitting Model
2023-04-11 15:05:56,751:WARNING:c:\Users\Personal\anaconda3\lib\site-packages\sklearn\base.py:450: UserWarning: X does not have valid feature names, but LinearRegression was fitted with feature names
  warnings.warn(

2023-04-11 15:05:56,804:INFO:Scoring test/hold-out set
2023-04-11 15:05:57,731:INFO:Visual Rendered Successfully
2023-04-11 15:05:57,839:INFO:plot_model() successfully completed......................................
2023-04-11 15:06:23,269:INFO:PyCaret RegressionExperiment
2023-04-11 15:06:23,269:INFO:Logging name: reg-default-name
2023-04-11 15:06:23,269:INFO:ML Usecase: MLUsecase.REGRESSION
2023-04-11 15:06:23,269:INFO:version 3.0.0
2023-04-11 15:06:23,269:INFO:Initializing setup()
2023-04-11 15:06:23,269:INFO:self.USI: 8fb2
2023-04-11 15:06:23,273:INFO:self._variable_keys: {'data', 'y', 'fold_shuffle_param', 'target_param', 'gpu_param', '_available_plots', 'y_train', 'seed', 'X_train', 'transform_target_param', 'gpu_n_jobs_param', 'fold_generator', 'n_jobs_param', 'exp_id', 'logging_param', 'idx', 'memory', 'X_test', 'USI', 'y_test', 'log_plots_param', 'fold_groups_param', 'html_param', 'exp_name_log', '_ml_usecase', 'X', 'pipeline'}
2023-04-11 15:06:23,274:INFO:Checking environment
2023-04-11 15:06:23,274:INFO:python_version: 3.9.13
2023-04-11 15:06:23,275:INFO:python_build: ('main', 'Aug 25 2022 23:51:50')
2023-04-11 15:06:23,275:INFO:machine: AMD64
2023-04-11 15:06:23,275:INFO:platform: Windows-10-10.0.19041-SP0
2023-04-11 15:06:23,275:INFO:Memory: svmem(total=8355045376, available=474468352, percent=94.3, used=7880577024, free=474468352)
2023-04-11 15:06:23,275:INFO:Physical Core: 4
2023-04-11 15:06:23,275:INFO:Logical Core: 8
2023-04-11 15:06:23,276:INFO:Checking libraries
2023-04-11 15:06:23,276:INFO:System:
2023-04-11 15:06:23,276:INFO:    python: 3.9.13 (main, Aug 25 2022, 23:51:50) [MSC v.1916 64 bit (AMD64)]
2023-04-11 15:06:23,276:INFO:executable: c:\Users\Personal\anaconda3\python.exe
2023-04-11 15:06:23,276:INFO:   machine: Windows-10-10.0.19041-SP0
2023-04-11 15:06:23,276:INFO:PyCaret required dependencies:
2023-04-11 15:06:23,277:INFO:                 pip: 22.2.2
2023-04-11 15:06:23,277:INFO:          setuptools: 63.4.1
2023-04-11 15:06:23,277:INFO:             pycaret: 3.0.0
2023-04-11 15:06:23,277:INFO:             IPython: 7.31.1
2023-04-11 15:06:23,277:INFO:          ipywidgets: 7.6.5
2023-04-11 15:06:23,277:INFO:                tqdm: 4.64.1
2023-04-11 15:06:23,278:INFO:               numpy: 1.21.5
2023-04-11 15:06:23,278:INFO:              pandas: 1.4.4
2023-04-11 15:06:23,278:INFO:              jinja2: 2.11.3
2023-04-11 15:06:23,278:INFO:               scipy: 1.9.1
2023-04-11 15:06:23,278:INFO:              joblib: 1.2.0
2023-04-11 15:06:23,278:INFO:             sklearn: 1.0.2
2023-04-11 15:06:23,279:INFO:                pyod: 1.0.9
2023-04-11 15:06:23,279:INFO:            imblearn: 0.10.1
2023-04-11 15:06:23,279:INFO:   category_encoders: 2.6.0
2023-04-11 15:06:23,279:INFO:            lightgbm: 3.3.5
2023-04-11 15:06:23,279:INFO:               numba: 0.55.1
2023-04-11 15:06:23,280:INFO:            requests: 2.28.1
2023-04-11 15:06:23,280:INFO:          matplotlib: 3.5.2
2023-04-11 15:06:23,280:INFO:          scikitplot: 0.3.7
2023-04-11 15:06:23,280:INFO:         yellowbrick: 1.5
2023-04-11 15:06:23,280:INFO:              plotly: 5.9.0
2023-04-11 15:06:23,280:INFO:             kaleido: 0.2.1
2023-04-11 15:06:23,281:INFO:         statsmodels: 0.13.2
2023-04-11 15:06:23,281:INFO:              sktime: 0.17.1
2023-04-11 15:06:23,281:INFO:               tbats: 1.1.2
2023-04-11 15:06:23,281:INFO:            pmdarima: 2.0.3
2023-04-11 15:06:23,281:INFO:              psutil: 5.9.0
2023-04-11 15:06:23,282:INFO:PyCaret optional dependencies:
2023-04-11 15:06:23,282:INFO:                shap: Not installed
2023-04-11 15:06:23,282:INFO:           interpret: Not installed
2023-04-11 15:06:23,282:INFO:                umap: Not installed
2023-04-11 15:06:23,282:INFO:    pandas_profiling: Not installed
2023-04-11 15:06:23,283:INFO:  explainerdashboard: Not installed
2023-04-11 15:06:23,283:INFO:             autoviz: Not installed
2023-04-11 15:06:23,283:INFO:           fairlearn: Not installed
2023-04-11 15:06:23,283:INFO:             xgboost: Not installed
2023-04-11 15:06:23,283:INFO:            catboost: Not installed
2023-04-11 15:06:23,284:INFO:              kmodes: Not installed
2023-04-11 15:06:23,284:INFO:             mlxtend: Not installed
2023-04-11 15:06:23,284:INFO:       statsforecast: Not installed
2023-04-11 15:06:23,284:INFO:        tune_sklearn: Not installed
2023-04-11 15:06:23,284:INFO:                 ray: Not installed
2023-04-11 15:06:23,284:INFO:            hyperopt: Not installed
2023-04-11 15:06:23,284:INFO:              optuna: Not installed
2023-04-11 15:06:23,284:INFO:               skopt: Not installed
2023-04-11 15:06:23,285:INFO:              mlflow: Not installed
2023-04-11 15:06:23,285:INFO:              gradio: Not installed
2023-04-11 15:06:23,285:INFO:             fastapi: Not installed
2023-04-11 15:06:23,285:INFO:             uvicorn: Not installed
2023-04-11 15:06:23,285:INFO:              m2cgen: Not installed
2023-04-11 15:06:23,285:INFO:           evidently: Not installed
2023-04-11 15:06:23,285:INFO:               fugue: Not installed
2023-04-11 15:06:23,285:INFO:           streamlit: Not installed
2023-04-11 15:06:23,285:INFO:             prophet: Not installed
2023-04-11 15:06:23,285:INFO:None
2023-04-11 15:06:23,286:INFO:Set up data.
2023-04-11 15:06:23,301:INFO:Set up train/test split.
2023-04-11 15:06:23,317:INFO:Set up index.
2023-04-11 15:06:23,317:INFO:Set up folding strategy.
2023-04-11 15:06:23,317:INFO:Assigning column types.
2023-04-11 15:06:23,329:INFO:Engine successfully changes for model 'lr' to 'sklearn'.
2023-04-11 15:06:23,329:INFO:Engine for model 'lasso' has not been set explicitly, hence returning None.
2023-04-11 15:06:23,346:INFO:Engine for model 'ridge' has not been set explicitly, hence returning None.
2023-04-11 15:06:23,355:INFO:Engine for model 'en' has not been set explicitly, hence returning None.
2023-04-11 15:06:23,446:INFO:Engine for model 'svm' has not been set explicitly, hence returning None.
2023-04-11 15:06:23,490:INFO:Engine for model 'knn' has not been set explicitly, hence returning None.
2023-04-11 15:06:23,490:WARNING:
'xgboost' is a soft dependency and not included in the pycaret installation. Please run: `pip install xgboost` to install.
Alternately, you can install this by running `pip install pycaret[models]`
2023-04-11 15:06:23,490:WARNING:
'catboost' is a soft dependency and not included in the pycaret installation. Please run: `pip install catboost` to install.
Alternately, you can install this by running `pip install pycaret[models]`
2023-04-11 15:06:23,490:INFO:Engine for model 'lasso' has not been set explicitly, hence returning None.
2023-04-11 15:06:23,498:INFO:Engine for model 'ridge' has not been set explicitly, hence returning None.
2023-04-11 15:06:23,506:INFO:Engine for model 'en' has not been set explicitly, hence returning None.
2023-04-11 15:06:23,561:INFO:Engine for model 'svm' has not been set explicitly, hence returning None.
2023-04-11 15:06:23,611:INFO:Engine for model 'knn' has not been set explicitly, hence returning None.
2023-04-11 15:06:23,611:WARNING:
'xgboost' is a soft dependency and not included in the pycaret installation. Please run: `pip install xgboost` to install.
Alternately, you can install this by running `pip install pycaret[models]`
2023-04-11 15:06:23,611:WARNING:
'catboost' is a soft dependency and not included in the pycaret installation. Please run: `pip install catboost` to install.
Alternately, you can install this by running `pip install pycaret[models]`
2023-04-11 15:06:23,611:INFO:Engine successfully changes for model 'lasso' to 'sklearn'.
2023-04-11 15:06:23,623:INFO:Engine for model 'ridge' has not been set explicitly, hence returning None.
2023-04-11 15:06:23,623:INFO:Engine for model 'en' has not been set explicitly, hence returning None.
2023-04-11 15:06:23,691:INFO:Engine for model 'svm' has not been set explicitly, hence returning None.
2023-04-11 15:06:23,742:INFO:Engine for model 'knn' has not been set explicitly, hence returning None.
2023-04-11 15:06:23,742:WARNING:
'xgboost' is a soft dependency and not included in the pycaret installation. Please run: `pip install xgboost` to install.
Alternately, you can install this by running `pip install pycaret[models]`
2023-04-11 15:06:23,742:WARNING:
'catboost' is a soft dependency and not included in the pycaret installation. Please run: `pip install catboost` to install.
Alternately, you can install this by running `pip install pycaret[models]`
2023-04-11 15:06:23,744:INFO:Engine for model 'ridge' has not been set explicitly, hence returning None.
2023-04-11 15:06:23,752:INFO:Engine for model 'en' has not been set explicitly, hence returning None.
2023-04-11 15:06:23,826:INFO:Engine for model 'svm' has not been set explicitly, hence returning None.
2023-04-11 15:06:23,879:INFO:Engine for model 'knn' has not been set explicitly, hence returning None.
2023-04-11 15:06:23,879:WARNING:
'xgboost' is a soft dependency and not included in the pycaret installation. Please run: `pip install xgboost` to install.
Alternately, you can install this by running `pip install pycaret[models]`
2023-04-11 15:06:23,879:WARNING:
'catboost' is a soft dependency and not included in the pycaret installation. Please run: `pip install catboost` to install.
Alternately, you can install this by running `pip install pycaret[models]`
2023-04-11 15:06:23,879:INFO:Engine successfully changes for model 'ridge' to 'sklearn'.
2023-04-11 15:06:23,893:INFO:Engine for model 'en' has not been set explicitly, hence returning None.
2023-04-11 15:06:23,959:INFO:Engine for model 'svm' has not been set explicitly, hence returning None.
2023-04-11 15:06:24,011:INFO:Engine for model 'knn' has not been set explicitly, hence returning None.
2023-04-11 15:06:24,011:WARNING:
'xgboost' is a soft dependency and not included in the pycaret installation. Please run: `pip install xgboost` to install.
Alternately, you can install this by running `pip install pycaret[models]`
2023-04-11 15:06:24,011:WARNING:
'catboost' is a soft dependency and not included in the pycaret installation. Please run: `pip install catboost` to install.
Alternately, you can install this by running `pip install pycaret[models]`
2023-04-11 15:06:24,024:INFO:Engine for model 'en' has not been set explicitly, hence returning None.
2023-04-11 15:06:24,125:INFO:Engine for model 'svm' has not been set explicitly, hence returning None.
2023-04-11 15:06:24,199:INFO:Engine for model 'knn' has not been set explicitly, hence returning None.
2023-04-11 15:06:24,199:WARNING:
'xgboost' is a soft dependency and not included in the pycaret installation. Please run: `pip install xgboost` to install.
Alternately, you can install this by running `pip install pycaret[models]`
2023-04-11 15:06:24,199:WARNING:
'catboost' is a soft dependency and not included in the pycaret installation. Please run: `pip install catboost` to install.
Alternately, you can install this by running `pip install pycaret[models]`
2023-04-11 15:06:24,199:INFO:Engine successfully changes for model 'en' to 'sklearn'.
2023-04-11 15:06:24,282:INFO:Engine for model 'svm' has not been set explicitly, hence returning None.
2023-04-11 15:06:24,349:INFO:Engine for model 'knn' has not been set explicitly, hence returning None.
2023-04-11 15:06:24,351:WARNING:
'xgboost' is a soft dependency and not included in the pycaret installation. Please run: `pip install xgboost` to install.
Alternately, you can install this by running `pip install pycaret[models]`
2023-04-11 15:06:24,351:WARNING:
'catboost' is a soft dependency and not included in the pycaret installation. Please run: `pip install catboost` to install.
Alternately, you can install this by running `pip install pycaret[models]`
2023-04-11 15:06:24,444:INFO:Engine for model 'svm' has not been set explicitly, hence returning None.
2023-04-11 15:06:24,493:INFO:Engine for model 'knn' has not been set explicitly, hence returning None.
2023-04-11 15:06:24,495:WARNING:
'xgboost' is a soft dependency and not included in the pycaret installation. Please run: `pip install xgboost` to install.
Alternately, you can install this by running `pip install pycaret[models]`
2023-04-11 15:06:24,495:WARNING:
'catboost' is a soft dependency and not included in the pycaret installation. Please run: `pip install catboost` to install.
Alternately, you can install this by running `pip install pycaret[models]`
2023-04-11 15:06:24,495:INFO:Engine successfully changes for model 'knn' to 'sklearn'.
2023-04-11 15:06:24,567:INFO:Engine for model 'svm' has not been set explicitly, hence returning None.
2023-04-11 15:06:24,617:WARNING:
'xgboost' is a soft dependency and not included in the pycaret installation. Please run: `pip install xgboost` to install.
Alternately, you can install this by running `pip install pycaret[models]`
2023-04-11 15:06:24,617:WARNING:
'catboost' is a soft dependency and not included in the pycaret installation. Please run: `pip install catboost` to install.
Alternately, you can install this by running `pip install pycaret[models]`
2023-04-11 15:06:24,706:INFO:Engine for model 'svm' has not been set explicitly, hence returning None.
2023-04-11 15:06:24,759:WARNING:
'xgboost' is a soft dependency and not included in the pycaret installation. Please run: `pip install xgboost` to install.
Alternately, you can install this by running `pip install pycaret[models]`
2023-04-11 15:06:24,761:WARNING:
'catboost' is a soft dependency and not included in the pycaret installation. Please run: `pip install catboost` to install.
Alternately, you can install this by running `pip install pycaret[models]`
2023-04-11 15:06:24,761:INFO:Engine successfully changes for model 'svm' to 'sklearn'.
2023-04-11 15:06:24,904:WARNING:
'xgboost' is a soft dependency and not included in the pycaret installation. Please run: `pip install xgboost` to install.
Alternately, you can install this by running `pip install pycaret[models]`
2023-04-11 15:06:24,904:WARNING:
'catboost' is a soft dependency and not included in the pycaret installation. Please run: `pip install catboost` to install.
Alternately, you can install this by running `pip install pycaret[models]`
2023-04-11 15:06:25,044:WARNING:
'xgboost' is a soft dependency and not included in the pycaret installation. Please run: `pip install xgboost` to install.
Alternately, you can install this by running `pip install pycaret[models]`
2023-04-11 15:06:25,044:WARNING:
'catboost' is a soft dependency and not included in the pycaret installation. Please run: `pip install catboost` to install.
Alternately, you can install this by running `pip install pycaret[models]`
2023-04-11 15:06:25,044:INFO:Preparing preprocessing pipeline...
2023-04-11 15:06:25,044:INFO:Set up simple imputation.
2023-04-11 15:06:25,049:INFO:Set up encoding of ordinal features.
2023-04-11 15:06:25,049:INFO:Set up encoding of categorical features.
2023-04-11 15:06:25,049:INFO:Set up polynomial features.
2023-04-11 15:06:25,049:INFO:Set up binning of numerical features.
2023-04-11 15:06:25,049:INFO:Set up feature normalization.
2023-04-11 15:06:25,381:WARNING:c:\Users\Personal\anaconda3\lib\site-packages\sklearn\cluster\_kmeans.py:1036: UserWarning: KMeans is known to have a memory leak on Windows with MKL, when there are less chunks than available threads. You can avoid it by setting the environment variable OMP_NUM_THREADS=4.
  warnings.warn(

2023-04-11 15:06:25,529:WARNING:c:\Users\Personal\anaconda3\lib\site-packages\sklearn\cluster\_kmeans.py:1036: UserWarning: KMeans is known to have a memory leak on Windows with MKL, when there are less chunks than available threads. You can avoid it by setting the environment variable OMP_NUM_THREADS=4.
  warnings.warn(

2023-04-11 15:06:25,644:INFO:Finished creating preprocessing pipeline.
2023-04-11 15:06:25,700:INFO:Pipeline: Pipeline(memory=FastMemory(location=C:\Users\Personal\AppData\Local\Temp\joblib),
         steps=[('numerical_imputer',
                 TransformerWrapper(include=['age', 'bmi', 'children'],
                                    transformer=SimpleImputer())),
                ('categorical_imputer',
                 TransformerWrapper(include=['sex', 'smoker', 'region'],
                                    transformer=SimpleImputer(strategy='most_frequent'))),
                ('ordinal_encoding',
                 Transform...
                                    transformer=OneHotEncoder(cols=['region'],
                                                              handle_missing='return_nan',
                                                              use_cat_names=True))),
                ('polynomial_features',
                 TransformerWrapper(transformer=PolynomialFeatures(include_bias=False))),
                ('bin_numeric_features',
                 TransformerWrapper(include=['age', 'bmi'],
                                    transformer=KBinsDiscretizer(encode='ordinal',
                                                                 strategy='kmeans'))),
                ('normalize',
                 TransformerWrapper(transformer=StandardScaler()))])
2023-04-11 15:06:25,700:INFO:Creating final display dataframe.
2023-04-11 15:06:26,140:INFO:Setup _display_container:                     Description             Value
0                    Session id               123
1                        Target           charges
2                   Target type        Regression
3           Original data shape         (1338, 7)
4        Transformed data shape        (1338, 55)
5   Transformed train set shape         (936, 55)
6    Transformed test set shape         (402, 55)
7              Ordinal features                 2
8              Numeric features                 3
9          Categorical features                 3
10                   Preprocess              True
11              Imputation type            simple
12           Numeric imputation              mean
13       Categorical imputation              mode
14     Maximum one-hot encoding                25
15              Encoding method              None
16          Polynomial features              True
17            Polynomial degree                 2
18                    Normalize              True
19             Normalize method            zscore
20               Fold Generator             KFold
21                  Fold Number                10
22                     CPU Jobs                -1
23                      Use GPU             False
24               Log Experiment             False
25              Experiment Name  reg-default-name
26                          USI              8fb2
2023-04-11 15:06:26,323:WARNING:
'xgboost' is a soft dependency and not included in the pycaret installation. Please run: `pip install xgboost` to install.
Alternately, you can install this by running `pip install pycaret[models]`
2023-04-11 15:06:26,323:WARNING:
'catboost' is a soft dependency and not included in the pycaret installation. Please run: `pip install catboost` to install.
Alternately, you can install this by running `pip install pycaret[models]`
2023-04-11 15:06:26,456:WARNING:
'xgboost' is a soft dependency and not included in the pycaret installation. Please run: `pip install xgboost` to install.
Alternately, you can install this by running `pip install pycaret[models]`
2023-04-11 15:06:26,456:WARNING:
'catboost' is a soft dependency and not included in the pycaret installation. Please run: `pip install catboost` to install.
Alternately, you can install this by running `pip install pycaret[models]`
2023-04-11 15:06:26,456:INFO:setup() successfully completed in 3.2s...............
2023-04-11 15:06:57,035:INFO:Initializing create_model()
2023-04-11 15:06:57,035:INFO:create_model(self=<pycaret.regression.oop.RegressionExperiment object at 0x000001BD0E6888E0>, estimator=lr, fold=None, round=4, cross_validation=True, predict=True, fit_kwargs=None, groups=None, refit=True, probability_threshold=None, experiment_custom_tags=None, verbose=True, system=True, add_to_model_list=True, metrics=None, display=None, model_only=True, return_train_score=False, kwargs={})
2023-04-11 15:06:57,035:INFO:Checking exceptions
2023-04-11 15:06:57,087:INFO:Importing libraries
2023-04-11 15:06:57,089:INFO:Copying training dataset
2023-04-11 15:06:57,099:INFO:Defining folds
2023-04-11 15:06:57,099:INFO:Declaring metric variables
2023-04-11 15:06:57,104:INFO:Importing untrained model
2023-04-11 15:06:57,109:INFO:Linear Regression Imported successfully
2023-04-11 15:06:57,124:INFO:Starting cross validation
2023-04-11 15:06:57,129:INFO:Cross validating with KFold(n_splits=10, random_state=None, shuffle=False), n_jobs=-1
2023-04-11 15:06:58,959:INFO:Calculating mean and std
2023-04-11 15:06:58,967:INFO:Creating metrics dataframe
2023-04-11 15:06:58,973:INFO:Finalizing model
2023-04-11 15:06:59,199:INFO:Uploading results into container
2023-04-11 15:06:59,199:INFO:Uploading model into container now
2023-04-11 15:06:59,214:INFO:_master_model_container: 1
2023-04-11 15:06:59,214:INFO:_display_container: 2
2023-04-11 15:06:59,214:INFO:LinearRegression(n_jobs=-1)
2023-04-11 15:06:59,214:INFO:create_model() successfully completed......................................
2023-04-11 15:07:06,954:INFO:Initializing plot_model()
2023-04-11 15:07:06,954:INFO:plot_model(plot=residuals, fold=None, use_train_data=False, verbose=True, display=None, display_format=None, estimator=LinearRegression(n_jobs=-1), feature_name=None, fit_kwargs=None, groups=None, label=False, plot_kwargs=None, save=False, scale=1, self=<pycaret.regression.oop.RegressionExperiment object at 0x000001BD0E6888E0>, system=True)
2023-04-11 15:07:06,954:INFO:Checking exceptions
2023-04-11 15:07:06,961:INFO:Preloading libraries
2023-04-11 15:07:06,962:INFO:Copying training dataset
2023-04-11 15:07:06,962:INFO:Plot type: residuals
2023-04-11 15:07:07,249:INFO:Fitting Model
2023-04-11 15:07:07,249:WARNING:c:\Users\Personal\anaconda3\lib\site-packages\sklearn\base.py:450: UserWarning: X does not have valid feature names, but LinearRegression was fitted with feature names
  warnings.warn(

2023-04-11 15:07:07,289:INFO:Scoring test/hold-out set
2023-04-11 15:07:07,819:INFO:Visual Rendered Successfully
2023-04-11 15:07:07,929:INFO:plot_model() successfully completed......................................
2023-04-11 15:07:26,559:INFO:Initializing save_model()
2023-04-11 15:07:26,559:INFO:save_model(model=LinearRegression(n_jobs=-1), model_name=deployment_AI_11_04_23, prep_pipe_=Pipeline(memory=FastMemory(location=C:\Users\Personal\AppData\Local\Temp\joblib),
         steps=[('numerical_imputer',
                 TransformerWrapper(include=['age', 'bmi', 'children'],
                                    transformer=SimpleImputer())),
                ('categorical_imputer',
                 TransformerWrapper(include=['sex', 'smoker', 'region'],
                                    transformer=SimpleImputer(strategy='most_frequent'))),
                ('ordinal_encoding',
                 Transform...
                                    transformer=OneHotEncoder(cols=['region'],
                                                              handle_missing='return_nan',
                                                              use_cat_names=True))),
                ('polynomial_features',
                 TransformerWrapper(transformer=PolynomialFeatures(include_bias=False))),
                ('bin_numeric_features',
                 TransformerWrapper(include=['age', 'bmi'],
                                    transformer=KBinsDiscretizer(encode='ordinal',
                                                                 strategy='kmeans'))),
                ('normalize',
                 TransformerWrapper(transformer=StandardScaler()))]), verbose=True, use_case=MLUsecase.REGRESSION, kwargs={})
2023-04-11 15:07:26,559:INFO:Adding model into prep_pipe
2023-04-11 15:07:26,572:INFO:deployment_AI_11_04_23.pkl saved in current working directory
2023-04-11 15:07:26,623:INFO:Pipeline(memory=FastMemory(location=C:\Users\Personal\AppData\Local\Temp\joblib),
         steps=[('numerical_imputer',
                 TransformerWrapper(include=['age', 'bmi', 'children'],
                                    transformer=SimpleImputer())),
                ('categorical_imputer',
                 TransformerWrapper(include=['sex', 'smoker', 'region'],
                                    transformer=SimpleImputer(strategy='most_frequent'))),
                ('ordinal_encoding',
                 Transform...
                                                              use_cat_names=True))),
                ('polynomial_features',
                 TransformerWrapper(transformer=PolynomialFeatures(include_bias=False))),
                ('bin_numeric_features',
                 TransformerWrapper(include=['age', 'bmi'],
                                    transformer=KBinsDiscretizer(encode='ordinal',
                                                                 strategy='kmeans'))),
                ('normalize', TransformerWrapper(transformer=StandardScaler())),
                ('trained_model', LinearRegression(n_jobs=-1))])
2023-04-11 15:07:26,623:INFO:save_model() successfully completed......................................
2023-04-11 15:07:42,245:INFO:Initializing load_model()
2023-04-11 15:07:42,245:INFO:load_model(model_name=deployment_AI_11_04_23, platform=None, authentication=None, verbose=True)
2023-04-11 15:07:56,184:INFO:Initializing load_model()
2023-04-11 15:07:56,184:INFO:load_model(model_name=deployment_AI_11_04_23, platform=None, authentication=None, verbose=True)
